2018-12-24 19:52:11.172 [main] INFO  com.bonc.broker.BrokerApplication -
				Starting BrokerApplication on xej with PID 27164 (E:\Project\xingej\broker\target\classes started by erjun in E:\Project\xingej\broker)
2018-12-24 19:52:11.175 [main] INFO  com.bonc.broker.BrokerApplication -
				The following profiles are active: dev
2018-12-24 19:52:12.074 [main] INFO  o.s.d.r.config.RepositoryConfigurationDelegate -
				Bootstrapping Spring Data repositories in DEFAULT mode.
2018-12-24 19:52:12.233 [main] INFO  o.s.d.r.config.RepositoryConfigurationDelegate -
				Finished Spring Data repository scanning in 148ms. Found 4 repository interfaces.
2018-12-24 19:52:12.876 [main] INFO  o.s.c.s.PostProcessorRegistrationDelegate$BeanPostProcessorChecker -
				Bean 'org.springframework.transaction.annotation.ProxyTransactionManagementConfiguration' of type [org.springframework.transaction.annotation.ProxyTransactionManagementConfiguration$$EnhancerBySpringCGLIB$$8e68cc8d] is not eligible for getting processed by all BeanPostProcessors (for example: not eligible for auto-proxying)
2018-12-24 19:52:14.619 [main] INFO  o.s.boot.web.embedded.tomcat.TomcatWebServer -
				Tomcat initialized with port(s): 8080 (http)
2018-12-24 19:52:14.634 [main] INFO  org.apache.coyote.http11.Http11NioProtocol -
				Initializing ProtocolHandler ["http-nio-8080"]
2018-12-24 19:52:14.645 [main] INFO  org.apache.catalina.core.StandardService -
				Starting service [Tomcat]
2018-12-24 19:52:14.646 [main] INFO  org.apache.catalina.core.StandardEngine -
				Starting Servlet Engine: Apache Tomcat/9.0.13
2018-12-24 19:52:14.655 [main] INFO  org.apache.catalina.core.AprLifecycleListener -
				The APR based Apache Tomcat Native library which allows optimal performance in production environments was not found on the java.library.path: [E:\Program\java\jdk1.8.0_112\bin;C:\WINDOWS\Sun\Java\bin;C:\WINDOWS\system32;C:\WINDOWS;C:\ProgramData\Oracle\Java\javapath;C:\Program Files (x86)\Common Files\NetSarang;C:\Program Files (x86)\Intel\iCLS Client\;C:\Program Files\Intel\iCLS Client\;C:\WINDOWS\system32;C:\WINDOWS;C:\WINDOWS\System32\Wbem;C:\WINDOWS\System32\WindowsPowerShell\v1.0\;C:\Program Files\Intel\Intel(R) Management Engine Components\DAL;C:\Program Files (x86)\Intel\Intel(R) Management Engine Components\DAL;C:\Program Files\Intel\Intel(R) Management Engine Components\IPT;C:\Program Files (x86)\Intel\Intel(R) Management Engine Components\IPT;C:\Program Files\Intel\WiFi\bin\;C:\Program Files\Common Files\Intel\WirelessCommon\;E:\software\maven-3.3.9\apache-maven-3.3.9\bin;E:\Program Files (x86)\MySQL\bin;C:\Program Files (x86)\NVIDIA Corporation\PhysX\Common;E:\Program\scala\bin;C:\WINDOWS\system32;C:\WINDOWS;C:\WINDOWS\System32\Wbem;C:\WINDOWS\System32\WindowsPowerShell\v1.0\;E:\Project\win-spark-dir\spark-1.6.1-bin-hadoop2.6\bin;E:\Project\win-hadoop-dir\hadoop-2.6.0\bin;E:\Program\Git\Git\bin;%HADOOP_HOM%\bin;E:\Program\java\jdk1.8.0_112\bin;C:\Program1\sbt\bin;E:\software\typesafe-activator\activator-dist-1.3.12\bin;E:\software\gradle\gradle-4.5.1\bin;E:\Program Files (x86)\Python;E:\Program\go\bin;E:\Program\005---protobuf\bin;E:\Program\006---cmake\cmake-3.12.0-rc1-win64-x64\bin;E:\Program\go2\goPath\bin;E:\Program\014---thrift\;E:\Program\015---VS Code\Microsoft VS Code\bin;C:\WINDOWS\System32\OpenSSH\;C:\Users\erjun\AppData\Local\Microsoft\WindowsApps;C:\Users\erjun\AppData\Local\GitHubDesktop\bin;E:\Program\goViso\bin;%USERPROFILE%\AppData\Local\Microsoft\WindowsApps;;.]
2018-12-24 19:52:14.749 [main] INFO  o.a.c.core.ContainerBase.[Tomcat].[localhost].[/] -
				Initializing Spring embedded WebApplicationContext
2018-12-24 19:52:14.749 [main] INFO  org.springframework.web.context.ContextLoader -
				Root WebApplicationContext: initialization completed in 3531 ms
2018-12-24 19:52:15.067 [main] INFO  org.hibernate.jpa.internal.util.LogHelper -
				HHH000204: Processing PersistenceUnitInfo [
	name: default
	...]
2018-12-24 19:52:15.144 [main] INFO  org.hibernate.Version -
				HHH000412: Hibernate Core {5.3.7.Final}
2018-12-24 19:52:15.146 [main] INFO  org.hibernate.cfg.Environment -
				HHH000206: hibernate.properties not found
2018-12-24 19:52:15.298 [main] INFO  org.hibernate.annotations.common.Version -
				HCANN000001: Hibernate Commons Annotations {5.0.4.Final}
2018-12-24 19:52:15.511 [main] INFO  com.zaxxer.hikari.HikariDataSource -
				HikariPool-1 - Starting...
2018-12-24 19:52:15.514 [main] WARN  com.zaxxer.hikari.util.DriverDataSource -
				Registered driver with driverClassName=com.mysql.jdbc.Driver was not found, trying direct instantiation.
2018-12-24 19:52:15.642 [main] INFO  com.zaxxer.hikari.HikariDataSource -
				HikariPool-1 - Start completed.
2018-12-24 19:52:15.655 [main] INFO  org.hibernate.dialect.Dialect -
				HHH000400: Using dialect: org.hibernate.dialect.MySQL5Dialect
2018-12-24 19:52:15.899 [main] WARN  org.hibernate.id.UUIDHexGenerator -
				HHH000409: Using org.hibernate.id.UUIDHexGenerator which does not generate IETF RFC 4122 compliant UUID values; consider using org.hibernate.id.UUIDGenerator instead
2018-12-24 19:52:16.434 [main] INFO  o.s.orm.jpa.LocalContainerEntityManagerFactoryBean -
				Initialized JPA EntityManagerFactory for persistence unit 'default'
2018-12-24 19:52:16.446 [main] INFO  com.bonc.broker.common.BrokerCfg -
				----->masterURL:	http://172.16.3.30:23333
2018-12-24 19:52:16.523 [main] INFO  com.bonc.broker.common.K8sClient -
				---从配置文件中读取到的masterURL:	http://172.16.3.30:23333
2018-12-24 19:52:16.538 [main] WARN  io.fabric8.kubernetes.client.Config -
				Error reading service account token from: [/var/run/secrets/kubernetes.io/serviceaccount/token]. Ignoring.
2018-12-24 19:52:17.946 [main] WARN  i.f.kubernetes.client.internal.VersionUsageUtils -
				The client is using resource type 'customresourcedefinitions' with unstable version 'v1beta1'
2018-12-24 19:52:18.063 [main] WARN  o.s.b.w.s.c.AnnotationConfigServletWebServerApplicationContext -
				Exception encountered during context initialization - cancelling refresh attempt: org.springframework.beans.factory.BeanCreationException: Error creating bean with name 'com.bonc.broker.controller.ServiceInstanceBindingController' defined in file [E:\Project\xingej\broker\target\classes\com\bonc\broker\controller\ServiceInstanceBindingController.class]: Instantiation of bean failed; nested exception is org.springframework.beans.BeanInstantiationException: Failed to instantiate [com.bonc.broker.controller.ServiceInstanceBindingController]: Constructor threw exception; nested exception is io.fabric8.kubernetes.client.KubernetesClientException: Failure executing: GET at: http://172.16.3.30:23333/apis/apiextensions.k8s.io/v1beta1/customresourcedefinitions/mysqlclusters.mysql.bonc.com.
2018-12-24 19:52:18.063 [main] INFO  o.s.orm.jpa.LocalContainerEntityManagerFactoryBean -
				Closing JPA EntityManagerFactory for persistence unit 'default'
2018-12-24 19:52:18.067 [main] INFO  com.zaxxer.hikari.HikariDataSource -
				HikariPool-1 - Shutdown initiated...
2018-12-24 19:52:18.074 [main] INFO  com.zaxxer.hikari.HikariDataSource -
				HikariPool-1 - Shutdown completed.
2018-12-24 19:52:18.075 [main] INFO  org.apache.catalina.core.StandardService -
				Stopping service [Tomcat]
2018-12-24 19:52:18.090 [main] INFO  o.s.b.a.l.ConditionEvaluationReportLoggingListener -
				

Error starting ApplicationContext. To display the conditions report re-run your application with 'debug' enabled.
2018-12-24 19:52:18.093 [main] ERROR org.springframework.boot.SpringApplication -
				Application run failed
org.springframework.beans.factory.BeanCreationException: Error creating bean with name 'com.bonc.broker.controller.ServiceInstanceBindingController' defined in file [E:\Project\xingej\broker\target\classes\com\bonc\broker\controller\ServiceInstanceBindingController.class]: Instantiation of bean failed; nested exception is org.springframework.beans.BeanInstantiationException: Failed to instantiate [com.bonc.broker.controller.ServiceInstanceBindingController]: Constructor threw exception; nested exception is io.fabric8.kubernetes.client.KubernetesClientException: Failure executing: GET at: http://172.16.3.30:23333/apis/apiextensions.k8s.io/v1beta1/customresourcedefinitions/mysqlclusters.mysql.bonc.com.
	at org.springframework.beans.factory.support.AbstractAutowireCapableBeanFactory.instantiateBean(AbstractAutowireCapableBeanFactory.java:1270)
	at org.springframework.beans.factory.support.AbstractAutowireCapableBeanFactory.createBeanInstance(AbstractAutowireCapableBeanFactory.java:1164)
	at org.springframework.beans.factory.support.AbstractAutowireCapableBeanFactory.doCreateBean(AbstractAutowireCapableBeanFactory.java:538)
	at org.springframework.beans.factory.support.AbstractAutowireCapableBeanFactory.createBean(AbstractAutowireCapableBeanFactory.java:498)
	at org.springframework.beans.factory.support.AbstractBeanFactory.lambda$doGetBean$0(AbstractBeanFactory.java:320)
	at org.springframework.beans.factory.support.DefaultSingletonBeanRegistry.getSingleton(DefaultSingletonBeanRegistry.java:222)
	at org.springframework.beans.factory.support.AbstractBeanFactory.doGetBean(AbstractBeanFactory.java:318)
	at org.springframework.beans.factory.support.AbstractBeanFactory.getBean(AbstractBeanFactory.java:199)
	at org.springframework.beans.factory.support.DefaultListableBeanFactory.preInstantiateSingletons(DefaultListableBeanFactory.java:846)
	at org.springframework.context.support.AbstractApplicationContext.finishBeanFactoryInitialization(AbstractApplicationContext.java:863)
	at org.springframework.context.support.AbstractApplicationContext.refresh(AbstractApplicationContext.java:546)
	at org.springframework.boot.web.servlet.context.ServletWebServerApplicationContext.refresh(ServletWebServerApplicationContext.java:142)
	at org.springframework.boot.SpringApplication.refresh(SpringApplication.java:775)
	at org.springframework.boot.SpringApplication.refreshContext(SpringApplication.java:397)
	at org.springframework.boot.SpringApplication.run(SpringApplication.java:316)
	at org.springframework.boot.SpringApplication.run(SpringApplication.java:1260)
	at org.springframework.boot.SpringApplication.run(SpringApplication.java:1248)
	at com.bonc.broker.BrokerApplication.main(BrokerApplication.java:26)
Caused by: org.springframework.beans.BeanInstantiationException: Failed to instantiate [com.bonc.broker.controller.ServiceInstanceBindingController]: Constructor threw exception; nested exception is io.fabric8.kubernetes.client.KubernetesClientException: Failure executing: GET at: http://172.16.3.30:23333/apis/apiextensions.k8s.io/v1beta1/customresourcedefinitions/mysqlclusters.mysql.bonc.com.
	at org.springframework.beans.BeanUtils.instantiateClass(BeanUtils.java:184)
	at org.springframework.beans.factory.support.SimpleInstantiationStrategy.instantiate(SimpleInstantiationStrategy.java:87)
	at org.springframework.beans.factory.support.AbstractAutowireCapableBeanFactory.instantiateBean(AbstractAutowireCapableBeanFactory.java:1262)
	... 17 common frames omitted
Caused by: io.fabric8.kubernetes.client.KubernetesClientException: Failure executing: GET at: http://172.16.3.30:23333/apis/apiextensions.k8s.io/v1beta1/customresourcedefinitions/mysqlclusters.mysql.bonc.com.
	at io.fabric8.kubernetes.client.dsl.base.OperationSupport.requestFailure(OperationSupport.java:472)
	at io.fabric8.kubernetes.client.dsl.base.OperationSupport.assertResponseCode(OperationSupport.java:411)
	at io.fabric8.kubernetes.client.dsl.base.OperationSupport.handleResponse(OperationSupport.java:381)
	at io.fabric8.kubernetes.client.dsl.base.OperationSupport.handleResponse(OperationSupport.java:344)
	at io.fabric8.kubernetes.client.dsl.base.OperationSupport.handleGet(OperationSupport.java:313)
	at io.fabric8.kubernetes.client.dsl.base.OperationSupport.handleGet(OperationSupport.java:296)
	at io.fabric8.kubernetes.client.dsl.base.BaseOperation.handleGet(BaseOperation.java:780)
	at io.fabric8.kubernetes.client.dsl.base.BaseOperation.getMandatory(BaseOperation.java:196)
	at io.fabric8.kubernetes.client.dsl.base.BaseOperation.get(BaseOperation.java:163)
	at com.bonc.broker.common.K8sClient.getK8sClientForMysql(K8sClient.java:63)
	at com.bonc.broker.controller.ServiceInstanceBindingController.<init>(ServiceInstanceBindingController.java:54)
	at sun.reflect.NativeConstructorAccessorImpl.newInstance0(Native Method)
	at sun.reflect.NativeConstructorAccessorImpl.newInstance(NativeConstructorAccessorImpl.java:62)
	at sun.reflect.DelegatingConstructorAccessorImpl.newInstance(DelegatingConstructorAccessorImpl.java:45)
	at java.lang.reflect.Constructor.newInstance(Constructor.java:423)
	at org.springframework.beans.BeanUtils.instantiateClass(BeanUtils.java:172)
	... 19 common frames omitted
